<?xml version="1.0" encoding="UTF-8"?>
<testsuite xmlns:xsi="http://www.w3.org/2001/XMLSchema-instance" xsi:noNamespaceSchemaLocation="https://maven.apache.org/surefire/maven-surefire-plugin/xsd/surefire-test-report.xsd" name="MovieManagerTest" time="0.1" tests="16" errors="0" skipped="0" failures="0">
  <properties>
[...]
</properties>
  <testcase name="MovieTestFindLastDefaultLimit1" classname="MovieManagerTest" time="0.06"/>
  <testcase name="MovieTestFindLastDefaultLimit2" classname="MovieManagerTest" time="0"/>
  <testcase name="MovieTestFindLastDefaultLimit3" classname="MovieManagerTest" time="0.001"/>
  <testcase name="MovieTestFindLastDefaultLimit4" classname="MovieManagerTest" time="0.001"/>
  <testcase name="MovieTestFindLastDefaultLimit5" classname="MovieManagerTest" time="0.001"/>
  <testcase name="MovieTestFindLastLimitMoreThanMovies" classname="MovieManagerTest" time="0.001"/>
  <testcase name="MovieTestFindAll1" classname="MovieManagerTest" time="0.001"/>
  <testcase name="MovieTestFindAll2" classname="MovieManagerTest" time="0"/>
  <testcase name="MovieTestFindAll3" classname="MovieManagerTest" time="0.001"/>
  <testcase name="MovieTestFindAll4" classname="MovieManagerTest" time="0.001"/>
  <testcase name="MovieTestFindAll5" classname="MovieManagerTest" time="0.002"/>
  <testcase name="MovieTestFindLast" classname="MovieManagerTest" time="0.001"/>
  <testcase name="MovieTestFindLastLimitLessThanMovies1" classname="MovieManagerTest" time="0.001"/>
  <testcase name="MovieTestFindLastLimitLessThanMovies2" classname="MovieManagerTest" time="0.001"/>
  <testcase name="MovieTestFindLastLimitLessThanMovies3" classname="MovieManagerTest" time="0.002"/>
  <testcase name="MovieTestFindLastLimitLessThanMovies4" classname="MovieManagerTest" time="0.001"/>
</testsuite>